<?xml version="1.0" encoding="UTF-8"?>
<testsuites name="jest tests" tests="2" failures="0" errors="0" time="25.347">
  <testsuite name="App" errors="0" failures="0" skipped="0" timestamp="2022-05-13T09:55:49" time="4.073" tests="1">
    <testcase classname="App Should be rendered" name="App Should be rendered" time="0.001">
    </testcase>
  </testsuite>
  <testsuite name="Icon component" errors="0" failures="0" skipped="0" timestamp="2022-05-13T09:55:49" time="10.705" tests="1">
    <testcase classname="Icon component test" name="Icon component test" time="0.078">
    </testcase>
  </testsuite>
</testsuites>