<?xml version="1.0" encoding="UTF-8"?>
<testsuites name="jest tests" tests="19" failures="0" errors="0" time="10.908">
  <testsuite name="PlayerCard component" errors="0" failures="0" skipped="0" timestamp="2022-05-26T11:54:53" time="5.265" tests="1">
    <testcase classname="PlayerCard component Should be rendered" name="PlayerCard component Should be rendered" time="0.527">
    </testcase>
  </testsuite>
  <testsuite name="PlayerFrontCard component" errors="0" failures="0" skipped="0" timestamp="2022-05-26T11:54:53" time="5.28" tests="1">
    <testcase classname="PlayerFrontCard component Should be rendered" name="PlayerFrontCard component Should be rendered" time="0.566">
    </testcase>
  </testsuite>
  <testsuite name="Main component" errors="0" failures="0" skipped="0" timestamp="2022-05-26T11:54:53" time="5.466" tests="1">
    <testcase classname="Main component Should be rendered" name="Main component Should be rendered" time="0.703">
    </testcase>
  </testsuite>
  <testsuite name="useShowPlayer hook" errors="0" failures="0" skipped="0" timestamp="2022-05-26T11:54:53" time="5.414" tests="1">
    <testcase classname="useShowPlayer hook If hook attributes is not undefined, renderPlayers should contains JSX element" name="useShowPlayer hook If hook attributes is not undefined, renderPlayers should contains JSX element" time="0.562">
    </testcase>
  </testsuite>
  <testsuite name="ColumnPlayerContent component" errors="0" failures="0" skipped="0" timestamp="2022-05-26T11:54:53" time="5.523" tests="1">
    <testcase classname="ColumnPlayerContent component Should be rendered" name="ColumnPlayerContent component Should be rendered" time="0.891">
    </testcase>
  </testsuite>
  <testsuite name="ColumnPlayerItem component" errors="0" failures="0" skipped="0" timestamp="2022-05-26T11:54:53" time="5.635" tests="1">
    <testcase classname="ColumnPlayerItem component Should be rendered" name="ColumnPlayerItem component Should be rendered" time="0.845">
    </testcase>
  </testsuite>
  <testsuite name="Column component" errors="0" failures="0" skipped="0" timestamp="2022-05-26T11:54:53" time="5.71" tests="1">
    <testcase classname="Column component Should be rendered" name="Column component Should be rendered" time="0.937">
    </testcase>
  </testsuite>
  <testsuite name="ContainerColumns component" errors="0" failures="0" skipped="0" timestamp="2022-05-26T11:54:52" time="6.012" tests="1">
    <testcase classname="ContainerColumns component Should be rendered" name="ContainerColumns component Should be rendered" time="1.287">
    </testcase>
  </testsuite>
  <testsuite name="ShowPlayer component" errors="0" failures="0" skipped="0" timestamp="2022-05-26T11:54:52" time="6.325" tests="1">
    <testcase classname="ShowPlayer component Should be rendered" name="ShowPlayer component Should be rendered" time="1.499">
    </testcase>
  </testsuite>
  <testsuite name="App" errors="0" failures="0" skipped="0" timestamp="2022-05-26T11:54:52" time="6.533" tests="1">
    <testcase classname="App Should be rendered" name="App Should be rendered" time="1.473">
    </testcase>
  </testsuite>
  <testsuite name="useCompany name hook" errors="0" failures="0" skipped="0" timestamp="2022-05-26T11:54:58" time="1.566" tests="1">
    <testcase classname="useCompany name hook selected team should be VLK" name="useCompany name hook selected team should be VLK" time="0.318">
    </testcase>
  </testsuite>
  <testsuite name="PlayerBackCard.test" errors="0" failures="0" skipped="0" timestamp="2022-05-26T11:54:58" time="1.537" tests="1">
    <testcase classname="PlayerBackCard.test Should be rendered" name="PlayerBackCard.test Should be rendered" time="0.298">
    </testcase>
  </testsuite>
  <testsuite name="CompanyName component" errors="0" failures="0" skipped="0" timestamp="2022-05-26T11:54:58" time="1.493" tests="1">
    <testcase classname="CompanyName component Should be rendered" name="CompanyName component Should be rendered" time="0.338">
    </testcase>
  </testsuite>
  <testsuite name="PlayerCardSkeleton component" errors="0" failures="0" skipped="0" timestamp="2022-05-26T11:54:58" time="1.426" tests="1">
    <testcase classname="PlayerCardSkeleton component Should be rendered" name="PlayerCardSkeleton component Should be rendered" time="0.302">
    </testcase>
  </testsuite>
  <testsuite name="RoleIcon component" errors="0" failures="0" skipped="0" timestamp="2022-05-26T11:54:58" time="1.5" tests="1">
    <testcase classname="RoleIcon component Should be rendered" name="RoleIcon component Should be rendered" time="0.262">
    </testcase>
  </testsuite>
  <testsuite name="Icon component" errors="0" failures="0" skipped="0" timestamp="2022-05-26T11:54:58" time="1.411" tests="1">
    <testcase classname="Icon component Should be rendered" name="Icon component Should be rendered" time="0.253">
    </testcase>
  </testsuite>
  <testsuite name="usePlayerCard hook" errors="0" failures="0" skipped="0" timestamp="2022-05-26T11:54:58" time="1.467" tests="1">
    <testcase classname="usePlayerCard hook If onclick is called, props should be change" name="usePlayerCard hook If onclick is called, props should be change" time="0.302">
    </testcase>
  </testsuite>
  <testsuite name="Landing page" errors="0" failures="0" skipped="0" timestamp="2022-05-26T11:54:52" time="7.336" tests="1">
    <testcase classname="Landing page Should be rendered" name="Landing page Should be rendered" time="1.386">
    </testcase>
  </testsuite>
  <testsuite name="LandingContext component" errors="0" failures="0" skipped="0" timestamp="2022-05-26T11:54:59" time="1.215" tests="1">
    <testcase classname="LandingContext component Should be rendered" name="LandingContext component Should be rendered" time="0.149">
    </testcase>
  </testsuite>
</testsuites>