<?xml version="1.0" encoding="UTF-8"?>
<testsuites name="jest tests" tests="6" failures="0" errors="0" time="5.154">
  <testsuite name="App" errors="0" failures="0" skipped="0" timestamp="2022-05-12T08:26:21" time="1.134" tests="1">
    <testcase classname="App Should be rendered" name="App Should be rendered" time="0.001">
    </testcase>
  </testsuite>
  <testsuite name="formatListToState function" errors="0" failures="0" skipped="0" timestamp="2022-05-12T08:26:21" time="1.173" tests="1">
    <testcase classname="formatListToState function should return an id array and a object with id as key and the other attributes inside" name="formatListToState function should return an id array and a object with id as key and the other attributes inside" time="0.005">
    </testcase>
  </testsuite>
  <testsuite name="Create Player" errors="0" failures="0" skipped="0" timestamp="2022-05-12T08:26:21" time="2.106" tests="1">
    <testcase classname="Create Player If create is successful, that Player should be in Player State" name="Create Player If create is successful, that Player should be in Player State" time="0.061">
    </testcase>
  </testsuite>
  <testsuite name="Fetch player" errors="0" failures="0" skipped="0" timestamp="2022-05-12T08:26:21" time="2.184" tests="2">
    <testcase classname="Fetch player Player state should be populated" name="Fetch player Player state should be populated" time="0.058">
    </testcase>
    <testcase classname="Fetch player If the API is rejected, Player state should be empty" name="Fetch player If the API is rejected, Player state should be empty" time="0.056">
    </testcase>
  </testsuite>
  <testsuite name="test" errors="0" failures="0" skipped="0" timestamp="2022-05-12T08:26:21" time="2.42" tests="1">
    <testcase classname="test testaa" name="test testaa" time="0.149">
    </testcase>
  </testsuite>
</testsuites>